yarn run v1.22.17
$ nodemon index.ts
[33m[nodemon] 2.0.14[39m
[33m[nodemon] to restart at any time, enter `rs`[39m
[33m[nodemon] watching path(s): *.*[39m
[33m[nodemon] watching extensions: ts,json[39m
[32m[nodemon] starting `ts-node index.ts`[39m
2021-11-04 | 13:21:56 :- If you want to make some one admin use this url: http://localhost:3000/admin/kdaJPb7pXnmCitm5sxKaT0rkIhCDzGRPmSAgnx8DYhb7xzZ64dGJgM3vVDJS
2021-11-04 | 13:21:56 :- server is online on http://localhost:3000
2021-11-04 | 13:24:18 :- The old url is expired because of using it the new one is: http://localhost:3000/admin/CJlzeYjNOCUbvZLuj9E11sTxeC6O2cFxWolfowBu61Ql8iTZYLdwJ1WtDFnG
2021-11-04 | 13:24:21 :- member joined name = savith and socket_id = O9kxgpBe9D5oRum4AAAH
2021-11-04 | 13:24:51 :- member joined name = savith and socket_id = LbMy2rwGBlbA8HWjAAAJ
2021-11-04 | 13:25:12 :- The old url is expired because of using it the new one is: http://localhost:3000/admin/I6PEk2DM4jm6Ix40mWeSq5bzXwVUeHwIzZSKCtkjkfXAvUiUubjXwTJl8GlK
2021-11-04 | 13:25:15 :- member joined name = savith and socket_id = IaBu7EO7_Gebf8kZAAAL
2021-11-04 | 13:25:39 :- The old url is expired because of using it the new one is: http://localhost:3000/admin/PGeMIIJJGgNn6uYeJbxBgEZRbgzmTBmYAbGQg8iocJubpm78lnQhOn9dii4l
2021-11-04 | 13:25:41 :- member joined name = savith and socket_id = 6smLM51xnZ8S_QSPAAAN
2021-11-04 | 13:26:51 :- The old url is expired because of using it the new one is: http://localhost:3000/admin/1Bh5zo3iJ67rEAzlAflIJwtMObrLR6SlGVVdlrDp5BSIqkNBSWaeaWjldTOE
2021-11-04 | 13:26:56 :- member joined name = sas and socket_id = 67Tfr_koHmj9kb1_AAAP
2021-11-04 | 13:27:24 :- have you forget the admin url? here is that url again if you have forgotn the url: http://localhost:3000/admin/1Bh5zo3iJ67rEAzlAflIJwtMObrLR6SlGVVdlrDp5BSIqkNBSWaeaWjldTOE
2021-11-04 | 13:27:42 :- The old url is expired because of using it the new one is: http://localhost:3000/admin/Rs07YKaXHAdsEvbDsNU7UDMMVdH0ndcRAdkXUB3Luznhd9s6nyuGv7GZsksF
2021-11-04 | 13:27:44 :- member joined name = savith and socket_id = VfbeH6g-ReTYZOUpAAAR
2021-11-04 | 13:29:48 :- The old url is expired because of using it the new one is: http://localhost:3000/admin/oJOnCjmDdXu2L771TXlDXZiRcbBR4Kr5QoU3ExBb8foi6qLst3YFzUxyqsBt
2021-11-04 | 13:30:34 :- have you forget the admin url? here is that url again if you have forgotn the url: http://localhost:3000/admin/oJOnCjmDdXu2L771TXlDXZiRcbBR4Kr5QoU3ExBb8foi6qLst3YFzUxyqsBt
2021-11-04 | 13:30:41 :- The old url is expired because of using it the new one is: http://localhost:3000/admin/X1szDmKZuLcf16xbrxdyPHl4wmGRUAIUrSWv1eqpQNmntxIKkVjIJV4C3Bnv
2021-11-04 | 13:32:51 :- have you forget the admin url? here is that url again if you have forgotn the url: http://localhost:3000/admin/X1szDmKZuLcf16xbrxdyPHl4wmGRUAIUrSWv1eqpQNmntxIKkVjIJV4C3Bnv
2021-11-04 | 13:32:57 :- The old url is expired because of using it the new one is: http://localhost:3000/admin/vSBUiCQCuwqagoPrhnwFgvy7QZBB9FhFYIqV0aiu3CUaG0M0q0uDu3mHeGVx
2021-11-04 | 13:33:0 :- member joined name = savith and socket_id = -FxExrISKDVgmVhKAAAT
[32m[nodemon] restarting due to changes...[39m
[32m[nodemon] starting `ts-node index.ts`[39m
[32m[nodemon] restarting due to changes...[39m
[32m[nodemon] starting `ts-node index.ts`[39m
[32m[nodemon] restarting due to changes...[39m
[32m[nodemon] starting `ts-node index.ts`[39m
[32m[nodemon] restarting due to changes...[39m
[32m[nodemon] starting `ts-node index.ts`[39m
[32m[nodemon] restarting due to changes...[39m
[32m[nodemon] starting `ts-node index.ts`[39m
[32m[nodemon] restarting due to changes...[39m
[32m[nodemon] starting `ts-node index.ts`[39m
[32m[nodemon] restarting due to changes...[39m
[32m[nodemon] starting `ts-node index.ts`[39m
2021-11-04 | 13:37:14 :- If you want to make some one admin use this url: http://localhost:3000/admin/T1Aq73DPS8cEEUtU2Iu9i0ChqNH76aYdPmRL93W3Rcn7cxjAgOUd3n43LyRp
2021-11-04 | 13:37:14 :- server is online on http://localhost:3000
[32m[nodemon] restarting due to changes...[39m
[32m[nodemon] starting `ts-node index.ts`[39m
[32m[nodemon] restarting due to changes...[39m
[32m[nodemon] starting `ts-node index.ts`[39m
[32m[nodemon] restarting due to changes...[39m
[32m[nodemon] starting `ts-node index.ts`[39m
2021-11-04 | 13:37:30 :- If you want to make some one admin use this url: http://localhost:3000/admin/TUnxfp3eXZnimbftvVrfJb9UR4q0SVRNMLUdhnsu7aiHaFi8ax5i8aN7Ekxs
2021-11-04 | 13:37:30 :- server is online on http://localhost:3000
[32m[nodemon] restarting due to changes...[39m
[32m[nodemon] starting `ts-node index.ts`[39m
[32m[nodemon] restarting due to changes...[39m
[32m[nodemon] starting `ts-node index.ts`[39m
[32m[nodemon] restarting due to changes...[39m
[32m[nodemon] starting `ts-node index.ts`[39m
[32m[nodemon] restarting due to changes...[39m
[32m[nodemon] starting `ts-node index.ts`[39m
2021-11-04 | 13:38:28 :- If you want to make some one admin use this url: http://localhost:3000/admin/QpGcrorf6fDrVxxEgJLQfjYRsnSqa6NYpZ45IaXbLrPZEq9J05u3u91LEghF
2021-11-04 | 13:38:28 :- server is online on http://localhost:3000
[32m[nodemon] restarting due to changes...[39m
[32m[nodemon] starting `ts-node index.ts`[39m
[32m[nodemon] restarting due to changes...[39m
[32m[nodemon] starting `ts-node index.ts`[39m
[32m[nodemon] restarting due to changes...[39m
[32m[nodemon] starting `ts-node index.ts`[39m
2021-11-04 | 13:38:33 :- If you want to make some one admin use this url: http://localhost:3000/admin/Eajd8lJemyuIoWNBSG7NNBwnYkLdslGuYSzrIW9OqklTEm6NmKgR64NCoq2j
2021-11-04 | 13:38:33 :- server is online on http://localhost:3000
2021-11-04 | 13:38:34 :- have you forget the admin url? here is that url again if you have forgotn the url: http://localhost:3000/admin/Eajd8lJemyuIoWNBSG7NNBwnYkLdslGuYSzrIW9OqklTEm6NmKgR64NCoq2j
2021-11-04 | 13:38:44 :- The old url is expired because of using it the new one is: http://localhost:3000/admin/NQRSzm0ZDSQNHyRdiGl13dJkwCq78BvbKl4Li7nuNKyqE73vLQbI6igFtUpT
2021-11-04 | 13:38:46 :- member joined name = savith and socket_id = Lo_Tp8Pz0Yv8OGNZAAAN
[32m[nodemon] restarting due to changes...[39m
[32m[nodemon] starting `ts-node index.ts`[39m
[32m[nodemon] restarting due to changes...[39m
[32m[nodemon] starting `ts-node index.ts`[39m
[32m[nodemon] restarting due to changes...[39m
[32m[nodemon] starting `ts-node index.ts`[39m
2021-11-04 | 13:39:32 :- If you want to make some one admin use this url: http://localhost:3000/admin/l5affMAQNB2vbxcOdNS5IBUqrDkgbabxGiHaFojgyiB9v22KPXHxybiT41jn
2021-11-04 | 13:39:32 :- server is online on http://localhost:3000
[32m[nodemon] restarting due to changes...[39m
[32m[nodemon] starting `ts-node index.ts`[39m
[32m[nodemon] restarting due to changes...[39m
[32m[nodemon] starting `ts-node index.ts`[39m
[32m[nodemon] restarting due to changes...[39m
[32m[nodemon] starting `ts-node index.ts`[39m
2021-11-04 | 13:39:38 :- If you want to make some one admin use this url: http://localhost:3000/admin/KXX5wBlyIYoJo9WYDjG8yG25HzKgvqVWWyrBYND5EmNkbcPOOIR7LxCrl65q
2021-11-04 | 13:39:38 :- server is online on http://localhost:3000
2021-11-04 | 13:39:44 :- The old url is expired because of using it the new one is: http://localhost:3000/admin/JL4JGFFSZJenQCvafFMKE3QSEIiTPrJUlGs0qgFPylWn1gYN6v8c3RWF66yB
2021-11-04 | 13:39:46 :- member joined name = savith and socket_id = DmIXHudCpUfAdXgkAAAN
2021-11-04 | 13:39:59 :- The old url is expired because of using it the new one is: http://localhost:3000/admin/f1WVIq1pNT8SskCme2BVXmQSe0KFyVk72PTw1xMjyVzinfoIdpGp6wdvuuSn
2021-11-04 | 13:40:1 :- member joined name = savith and socket_id = ocH22gZndtlXNeFPAAAP
2021-11-04 | 13:40:16 :- member joined name = savith and socket_id = mWMCX2qVZqoUYse0AAAR
